<?xml version="1.0" encoding="UTF-8" standalone="no"?>
<testsuite errors="0" failures="0" name="io.cucumber.core.plugin.JUnitFormatter" skipped="0" tests="1" time="49.972">
    <testcase classname="To check webpage for ford_direct" name="Checking  globaldisclaimer functionality" time="49.857">
        <system-out><![CDATA[Given Open Broswer..........................................................passed
When Read Data From Excel...................................................passed
And gd Verfication..........................................................passed
And Recursion...............................................................passed
Then Close Browser..........................................................passed
]]></system-out>
    </testcase>
</testsuite>
